15:45:08:532 [ALWAYS]	GUDE Logging Started
15:45:08:534 [INFO]	SqliteResumeCache::SqliteResumeCache basedirectory is null/empty
15:45:08:536 [ERROR]	SqliteResumeCache::CreateSqliteResumeCache creating resume cache pointer failure
15:45:08:536 [ERROR]	Initialize resume cache pointer failure
15:45:08:536 [INFO]	gude policy POLICY_USER limit (2,2,1) chunk 2097152, chunking (UL 0 DL 1), resXfer 1, adapt 0, NSURL 0, timeout 86400 
15:45:08:536 [INFO]	Initialized -- gude-lib version: v0.12.1 app: gude
15:45:12:840 [WARN]	Ignoring attempt to reinit logging to \gude at level 4 retaining 3 days of logs
15:45:12:841 [INFO]	SqliteResumeCache::SqliteResumeCache basedirectory is null/empty
15:45:12:841 [ERROR]	SqliteResumeCache::CreateSqliteResumeCache creating resume cache pointer failure
15:45:12:841 [ERROR]	Initialize resume cache pointer failure
15:45:12:841 [INFO]	gude policy POLICY_USER limit (4,4,1) chunk 2097152, chunking (UL 0 DL 1), resXfer 1, adapt 0, NSURL 1, timeout 86400 
15:45:12:841 [INFO]	Initialized -- gude-lib version: v0.12.1 app: gude
18:24:09:290 [ALWAYS]	GUDE Logging Started
18:24:09:290 [INFO]	SqliteResumeCache::SqliteResumeCache basedirectory is null/empty
18:24:09:290 [ERROR]	SqliteResumeCache::CreateSqliteResumeCache creating resume cache pointer failure
18:24:09:290 [ERROR]	Initialize resume cache pointer failure
18:24:09:291 [INFO]	gude policy POLICY_USER limit (2,2,1) chunk 2097152, chunking (UL 0 DL 1), resXfer 1, adapt 0, NSURL 0, timeout 86400 
18:24:09:291 [INFO]	Initialized -- gude-lib version: v0.12.1 app: gude
18:24:13:219 [WARN]	Ignoring attempt to reinit logging to \gude at level 4 retaining 3 days of logs
18:24:13:219 [INFO]	SqliteResumeCache::SqliteResumeCache basedirectory is null/empty
18:24:13:219 [ERROR]	SqliteResumeCache::CreateSqliteResumeCache creating resume cache pointer failure
18:24:13:219 [ERROR]	Initialize resume cache pointer failure
18:24:13:219 [INFO]	gude policy POLICY_USER limit (4,4,1) chunk 2097152, chunking (UL 0 DL 1), resXfer 1, adapt 0, NSURL 1, timeout 86400 
18:24:13:219 [INFO]	Initialized -- gude-lib version: v0.12.1 app: gude
