18:45:23:269 [ALWAYS]	GUDE Logging Started
18:45:23:270 [INFO]	SqliteResumeCache::SqliteResumeCache basedirectory is null/empty
18:45:23:270 [ERROR]	SqliteResumeCache::CreateSqliteResumeCache creating resume cache pointer failure
18:45:23:270 [ERROR]	Initialize resume cache pointer failure
18:45:23:272 [INFO]	gude policy POLICY_USER limit (2,2,1) chunk 2097152, chunking (UL 0 DL 1), resXfer 1, adapt 0, NSURL 0, timeout 86400 
18:45:23:272 [INFO]	Initialized -- gude-lib version: v0.12.1 app: gude
18:45:29:936 [WARN]	Ignoring attempt to reinit logging to \gude at level 4 retaining 3 days of logs
18:45:29:936 [INFO]	SqliteResumeCache::SqliteResumeCache basedirectory is null/empty
18:45:29:937 [ERROR]	SqliteResumeCache::CreateSqliteResumeCache creating resume cache pointer failure
18:45:29:937 [ERROR]	Initialize resume cache pointer failure
18:45:29:937 [INFO]	gude policy POLICY_USER limit (4,4,1) chunk 2097152, chunking (UL 0 DL 1), resXfer 1, adapt 0, NSURL 1, timeout 86400 
18:45:29:937 [INFO]	Initialized -- gude-lib version: v0.12.1 app: gude
20:17:44:962 [ALWAYS]	GUDE Logging Started
20:17:44:963 [INFO]	SqliteResumeCache::SqliteResumeCache basedirectory is null/empty
20:17:44:963 [ERROR]	SqliteResumeCache::CreateSqliteResumeCache creating resume cache pointer failure
20:17:44:963 [ERROR]	Initialize resume cache pointer failure
20:17:44:963 [INFO]	gude policy POLICY_USER limit (2,2,1) chunk 2097152, chunking (UL 0 DL 1), resXfer 1, adapt 0, NSURL 0, timeout 86400 
20:17:44:963 [INFO]	Initialized -- gude-lib version: v0.12.1 app: gude
20:17:48:231 [WARN]	Ignoring attempt to reinit logging to \gude at level 4 retaining 3 days of logs
20:17:48:231 [INFO]	SqliteResumeCache::SqliteResumeCache basedirectory is null/empty
20:17:48:231 [ERROR]	SqliteResumeCache::CreateSqliteResumeCache creating resume cache pointer failure
20:17:48:231 [ERROR]	Initialize resume cache pointer failure
20:17:48:231 [INFO]	gude policy POLICY_USER limit (4,4,1) chunk 2097152, chunking (UL 0 DL 1), resXfer 1, adapt 0, NSURL 1, timeout 86400 
20:17:48:231 [INFO]	Initialized -- gude-lib version: v0.12.1 app: gude
